make --no-print-directory -C /home/embedsky/share/linux-stable \
-f /home/embedsky/share/linux-stable/Makefile stm32_defconfig
make -f ./scripts/Makefile.build obj=scripts/basic
# HOSTCC  scripts/basic/fixdep
  gcc -Wp,-MMD,scripts/basic/.fixdep.d -Wall -Wmissing-prototypes -Wstrict-prototypes -O2 -fomit-frame-pointer -std=gnu11   -I ./scripts/include     -o scripts/basic/fixdep scripts/basic/fixdep.c   
make -f ./scripts/Makefile.build obj=scripts/kconfig stm32_defconfig
# HOSTCC  scripts/kconfig/conf.o
  gcc -Wp,-MMD,scripts/kconfig/.conf.o.d -Wall -Wmissing-prototypes -Wstrict-prototypes -O2 -fomit-frame-pointer -std=gnu11   -I ./scripts/include   -c -o scripts/kconfig/conf.o scripts/kconfig/conf.c
# HOSTCC  scripts/kconfig/confdata.o
  gcc -Wp,-MMD,scripts/kconfig/.confdata.o.d -Wall -Wmissing-prototypes -Wstrict-prototypes -O2 -fomit-frame-pointer -std=gnu11   -I ./scripts/include   -c -o scripts/kconfig/confdata.o scripts/kconfig/confdata.c
# HOSTCC  scripts/kconfig/expr.o
  gcc -Wp,-MMD,scripts/kconfig/.expr.o.d -Wall -Wmissing-prototypes -Wstrict-prototypes -O2 -fomit-frame-pointer -std=gnu11   -I ./scripts/include   -c -o scripts/kconfig/expr.o scripts/kconfig/expr.c
# LEX     scripts/kconfig/lexer.lex.c
  flex -oscripts/kconfig/lexer.lex.c -L scripts/kconfig/lexer.l
# YACC    scripts/kconfig/parser.tab.[ch]
  bison -o scripts/kconfig/parser.tab.c --defines=scripts/kconfig/parser.tab.h -t -l scripts/kconfig/parser.y
# HOSTCC  scripts/kconfig/lexer.lex.o
  gcc -Wp,-MMD,scripts/kconfig/.lexer.lex.o.d -Wall -Wmissing-prototypes -Wstrict-prototypes -O2 -fomit-frame-pointer -std=gnu11   -I ./scripts/include  -I ./scripts/kconfig -c -o scripts/kconfig/lexer.lex.o scripts/kconfig/lexer.lex.c
# HOSTCC  scripts/kconfig/menu.o
  gcc -Wp,-MMD,scripts/kconfig/.menu.o.d -Wall -Wmissing-prototypes -Wstrict-prototypes -O2 -fomit-frame-pointer -std=gnu11   -I ./scripts/include   -c -o scripts/kconfig/menu.o scripts/kconfig/menu.c
# HOSTCC  scripts/kconfig/parser.tab.o
  gcc -Wp,-MMD,scripts/kconfig/.parser.tab.o.d -Wall -Wmissing-prototypes -Wstrict-prototypes -O2 -fomit-frame-pointer -std=gnu11   -I ./scripts/include  -I ./scripts/kconfig -c -o scripts/kconfig/parser.tab.o scripts/kconfig/parser.tab.c
# HOSTCC  scripts/kconfig/preprocess.o
  gcc -Wp,-MMD,scripts/kconfig/.preprocess.o.d -Wall -Wmissing-prototypes -Wstrict-prototypes -O2 -fomit-frame-pointer -std=gnu11   -I ./scripts/include   -c -o scripts/kconfig/preprocess.o scripts/kconfig/preprocess.c
# HOSTCC  scripts/kconfig/symbol.o
  gcc -Wp,-MMD,scripts/kconfig/.symbol.o.d -Wall -Wmissing-prototypes -Wstrict-prototypes -O2 -fomit-frame-pointer -std=gnu11   -I ./scripts/include   -c -o scripts/kconfig/symbol.o scripts/kconfig/symbol.c
# HOSTCC  scripts/kconfig/util.o
  gcc -Wp,-MMD,scripts/kconfig/.util.o.d -Wall -Wmissing-prototypes -Wstrict-prototypes -O2 -fomit-frame-pointer -std=gnu11   -I ./scripts/include   -c -o scripts/kconfig/util.o scripts/kconfig/util.c
# HOSTLD  scripts/kconfig/conf
  gcc   -o scripts/kconfig/conf scripts/kconfig/conf.o scripts/kconfig/confdata.o scripts/kconfig/expr.o scripts/kconfig/lexer.lex.o scripts/kconfig/menu.o scripts/kconfig/parser.tab.o scripts/kconfig/preprocess.o scripts/kconfig/symbol.o scripts/kconfig/util.o   
scripts/kconfig/conf  --defconfig=arch/arm/configs/stm32_defconfig Kconfig
#
# No change to .config
#
